# JRE version: OpenJDK Runtime Environment (17.0.6) (build 17.0.6+0-b2043.56-10027231)
# Java VM: OpenJDK 64-Bit Server VM (17.0.6+0-b2043.56-10027231, mixed mode, tiered, compressed oops, compressed class ptrs, g1 gc, windows-amd64)
GC Precious Log:
 CPUs: 12 total, 12 available
 Memory: 7502M
 Large Page Support: Disabled
 NUMA Support: Disabled
 Compressed Oops: Enabled (32-bit)
 Heap Region Size: 1M
 Heap Min Capacity: 8M
 Heap Initial Capacity: 118M
 Heap Max Capacity: 2G
 Pre-touch: Disabled
 Parallel Workers: 10
 Concurrent Workers: 3
 Concurrent Refinement Workers: 10
 Periodic GC: Disabled
Heap:
 garbage-first heap   total 293888K, used 157562K [0x0000000080000000, 0x0000000100000000)
  region size 1024K, 11 young (11264K), 11 survivors (11264K)
 Metaspace       used 132343K, committed 133376K, reserved 1171456K
  class space    used 18504K, committed 19008K, reserved 1048576K
GC Heap History (20 events):
Event: 198.014 GC heap after
{Heap after GC invocations=48 (full 0):
 garbage-first heap   total 281600K, used 131085K [0x0000000080000000, 0x0000000100000000)
  region size 1024K, 13 young (13312K), 13 survivors (13312K)
 Metaspace       used 129304K, committed 130240K, reserved 1163264K
  class space    used 18229K, committed 18688K, reserved 1048576K
}
Event: 198.288 GC heap before
{Heap before GC invocations=48 (full 0):
 garbage-first heap   total 281600K, used 181261K [0x0000000080000000, 0x0000000100000000)
  region size 1024K, 44 young (45056K), 13 survivors (13312K)
 Metaspace       used 129828K, committed 130752K, reserved 1163264K
  class space    used 18255K, committed 18688K, reserved 1048576K
}
Event: 198.295 GC heap after
{Heap after GC invocations=49 (full 0):
 garbage-first heap   total 281600K, used 151949K [0x0000000080000000, 0x0000000100000000)
  region size 1024K, 2 young (2048K), 2 survivors (2048K)
 Metaspace       used 129828K, committed 130752K, reserved 1163264K
  class space    used 18255K, committed 18688K, reserved 1048576K
}
Event: 283.968 GC heap before
{Heap before GC invocations=50 (full 0):
 garbage-first heap   total 283648K, used 271757K [0x0000000080000000, 0x0000000100000000)
  region size 1024K, 84 young (86016K), 2 survivors (2048K)
 Metaspace       used 130383K, committed 131264K, reserved 1163264K
  class space    used 18286K, committed 18752K, reserved 1048576K
}
Event: 283.991 GC heap after
{Heap after GC invocations=51 (full 0):
 garbage-first heap   total 283648K, used 138366K [0x0000000080000000, 0x0000000100000000)
  region size 1024K, 9 young (9216K), 9 survivors (9216K)
 Metaspace       used 130383K, committed 131264K, reserved 1163264K
  class space    used 18286K, committed 18752K, reserved 1048576K
}
Event: 284.027 GC heap before
{Heap before GC invocations=51 (full 0):
 garbage-first heap   total 283648K, used 142462K [0x0000000080000000, 0x0000000100000000)
  region size 1024K, 13 young (13312K), 9 survivors (9216K)
 Metaspace       used 130409K, committed 131328K, reserved 1163264K
  class space    used 18290K, committed 18752K, reserved 1048576K
}
Event: 284.054 GC heap after
{Heap after GC invocations=52 (full 0):
 garbage-first heap   total 283648K, used 136045K [0x0000000080000000, 0x0000000100000000)
  region size 1024K, 2 young (2048K), 2 survivors (2048K)
 Metaspace       used 130409K, committed 131328K, reserved 1163264K
  class space    used 18290K, committed 18752K, reserved 1048576K
}
Event: 284.238 GC heap before
{Heap before GC invocations=52 (full 0):
 garbage-first heap   total 283648K, used 152429K [0x0000000080000000, 0x0000000100000000)
  region size 1024K, 19 young (19456K), 2 survivors (2048K)
 Metaspace       used 130550K, committed 131456K, reserved 1163264K
  class space    used 18305K, committed 18752K, reserved 1048576K
}
Event: 284.241 GC heap after
{Heap after GC invocations=53 (full 0):
 garbage-first heap   total 283648K, used 136926K [0x0000000080000000, 0x0000000100000000)
  region size 1024K, 3 young (3072K), 3 survivors (3072K)
 Metaspace       used 130550K, committed 131456K, reserved 1163264K
  class space    used 18305K, committed 18752K, reserved 1048576K
}
Event: 313.858 GC heap before
{Heap before GC invocations=54 (full 0):
 garbage-first heap   total 293888K, used 279262K [0x0000000080000000, 0x0000000100000000)
  region size 1024K, 88 young (90112K), 3 survivors (3072K)
 Metaspace       used 130935K, committed 131904K, reserved 1163264K
  class space    used 18342K, committed 18816K, reserved 1048576K
}
Event: 313.871 GC heap after
{Heap after GC invocations=55 (full 0):
 garbage-first heap   total 293888K, used 144966K [0x0000000080000000, 0x0000000100000000)
  region size 1024K, 12 young (12288K), 12 survivors (12288K)
 Metaspace       used 130935K, committed 131904K, reserved 1163264K
  class space    used 18342K, committed 18816K, reserved 1048576K
}
Event: 313.893 GC heap before
{Heap before GC invocations=55 (full 0):
 garbage-first heap   total 293888K, used 147014K [0x0000000080000000, 0x0000000100000000)
  region size 1024K, 14 young (14336K), 12 survivors (12288K)
 Metaspace       used 130946K, committed 131904K, reserved 1163264K
  class space    used 18343K, committed 18816K, reserved 1048576K
}
Event: 313.943 GC heap after
{Heap after GC invocations=56 (full 0):
 garbage-first heap   total 293888K, used 129389K [0x0000000080000000, 0x0000000100000000)
  region size 1024K, 2 young (2048K), 2 survivors (2048K)
 Metaspace       used 130946K, committed 131904K, reserved 1163264K
  class space    used 18343K, committed 18816K, reserved 1048576K
}
Event: 327.251 GC heap before
{Heap before GC invocations=56 (full 0):
 garbage-first heap   total 293888K, used 237933K [0x0000000080000000, 0x0000000100000000)
  region size 1024K, 108 young (110592K), 2 survivors (2048K)
 Metaspace       used 131719K, committed 132800K, reserved 1163264K
  class space    used 18406K, committed 18944K, reserved 1048576K
}
Event: 327.261 GC heap after
{Heap after GC invocations=57 (full 0):
 garbage-first heap   total 293888K, used 139766K [0x0000000080000000, 0x0000000100000000)
  region size 1024K, 12 young (12288K), 12 survivors (12288K)
 Metaspace       used 131719K, committed 132800K, reserved 1163264K
  class space    used 18406K, committed 18944K, reserved 1048576K
}
Event: 327.686 GC heap before
{Heap before GC invocations=58 (full 0):
 garbage-first heap   total 293888K, used 236022K [0x0000000080000000, 0x0000000100000000)
  region size 1024K, 107 young (109568K), 12 survivors (12288K)
 Metaspace       used 131999K, committed 133056K, reserved 1171456K
  class space    used 18444K, committed 18944K, reserved 1048576K
}
Event: 327.702 GC heap after
{Heap after GC invocations=59 (full 0):
 garbage-first heap   total 293888K, used 155101K [0x0000000080000000, 0x0000000100000000)
  region size 1024K, 14 young (14336K), 14 survivors (14336K)
 Metaspace       used 131999K, committed 133056K, reserved 1171456K
  class space    used 18444K, committed 18944K, reserved 1048576K
}
Event: 327.704 GC heap before
{Heap before GC invocations=59 (full 0):
 garbage-first heap   total 293888K, used 156125K [0x0000000080000000, 0x0000000100000000)
  region size 1024K, 15 young (15360K), 14 survivors (14336K)
 Metaspace       used 132001K, committed 133056K, reserved 1171456K
  class space    used 18445K, committed 18944K, reserved 1048576K
}
Event: 327.715 GC heap after
{Heap after GC invocations=60 (full 0):
 garbage-first heap   total 293888K, used 145615K [0x0000000080000000, 0x0000000100000000)
  region size 1024K, 2 young (2048K), 2 survivors (2048K)
 Metaspace       used 132001K, committed 133056K, reserved 1171456K
  class space    used 18445K, committed 18944K, reserved 1048576K
}
Event: 327.871 GC heap before
{Heap before GC invocations=60 (full 0):
 garbage-first heap   total 293888K, used 233679K [0x0000000080000000, 0x0000000100000000)
  region size 1024K, 88 young (90112K), 2 survivors (2048K)
 Metaspace       used 132343K, committed 133376K, reserved 1171456K
  class space    used 18504K, committed 19008K, reserved 1048576K
}

